<?xml version="1.0" encoding="UTF-8"?>
<!-- Generated by org.testng.reporters.JUnitReportReporter -->
<testsuite hostname="Manav-PC" failures="0" tests="1" name="qaclickacademy.AppTest" time="0.008" errors="0" timestamp="2020-04-15T13:33:43 IST" skipped="0">
  <testcase classname="qaclickacademy.AppTest" name="testApp" time="0.008"/>
  <system-out/>
</testsuite> <!-- qaclickacademy.AppTest -->
