<?xml version="1.0" encoding="UTF-8"?>
<!-- Generated by org.testng.reporters.JUnitReportReporter -->
<testsuite name="qaclickacademy.AppiumTest" tests="2" time="0.050" ignored="0" failures="0" timestamp="01 May 2020 05:47:53 GMT" skipped="0" hostname="Manav-PC" errors="0">
  <testcase name="AppleApps" time="0.048" classname="qaclickacademy.AppiumTest"/>
  <testcase name="NativeApps" time="0.002" classname="qaclickacademy.AppiumTest"/>
</testsuite> <!-- qaclickacademy.AppiumTest -->
