<?xml version="1.0" encoding="UTF-8"?>
<!-- Generated by org.testng.reporters.JUnitReportReporter -->
<testsuite name="qaclickacademy.RESTAPITest" tests="2" time="0.025" ignored="0" failures="0" timestamp="23 May 2020 04:16:11 GMT" skipped="0" hostname="Manav-PC" errors="0">
  <testcase name="Twitter" time="0.001" classname="qaclickacademy.RESTAPITest"/>
  <testcase name="Insta" time="0.024" classname="qaclickacademy.RESTAPITest"/>
</testsuite> <!-- qaclickacademy.RESTAPITest -->
