<?xml version="1.0" encoding="UTF-8"?>
<!-- Generated by org.testng.reporters.JUnitReportReporter -->
<testsuite hostname="Manav-PC" failures="0" tests="2" name="qaclickacademy.SeleniumTest" time="0.009" errors="0" timestamp="2020-04-15T13:35:23 IST" skipped="0">
  <testcase classname="qaclickacademy.SeleniumTest" name="BrowserCasual" time="0.002"/>
  <system-out/>
  <testcase classname="qaclickacademy.SeleniumTest" name="BrowserAuto" time="0.007"/>
  <system-out/>
</testsuite> <!-- qaclickacademy.SeleniumTest -->
